19-Mar-2025 11:04:19.018 INFO [main] org.apache.catalina.startup.VersionLoggerListener.log Nom version serveur :              Apache Tomcat/10.1.36
19-Mar-2025 11:04:19.029 INFO [main] org.apache.catalina.startup.VersionLoggerListener.log Serveur compilé :                  Feb 13 2025 13:13:30 UTC
19-Mar-2025 11:04:19.030 INFO [main] org.apache.catalina.startup.VersionLoggerListener.log Version du serveur :               10.1.36.0
19-Mar-2025 11:04:19.031 INFO [main] org.apache.catalina.startup.VersionLoggerListener.log Nom de l'OS :                      Windows 11
19-Mar-2025 11:04:19.031 INFO [main] org.apache.catalina.startup.VersionLoggerListener.log Version OS :                       10.0
19-Mar-2025 11:04:19.032 INFO [main] org.apache.catalina.startup.VersionLoggerListener.log Architecture :                     amd64
19-Mar-2025 11:04:19.032 INFO [main] org.apache.catalina.startup.VersionLoggerListener.log Java Home :                        C:\Users\oumay\.jdks\openjdk-23.0.1
19-Mar-2025 11:04:19.033 INFO [main] org.apache.catalina.startup.VersionLoggerListener.log Version JVM :                      23.0.1+11-39
19-Mar-2025 11:04:19.033 INFO [main] org.apache.catalina.startup.VersionLoggerListener.log Fournisseur de la JVM :            Oracle Corporation
19-Mar-2025 11:04:19.033 INFO [main] org.apache.catalina.startup.VersionLoggerListener.log CATALINA_BASE :                    C:\Users\oumay\IdeaProjects\Construction
19-Mar-2025 11:04:19.034 INFO [main] org.apache.catalina.startup.VersionLoggerListener.log CATALINA_HOME :                    C:\Program Files\Apache Software Foundation\apache-tomcat-10.1.36\apache-tomcat-10.1.36
19-Mar-2025 11:04:19.063 INFO [main] org.apache.catalina.startup.VersionLoggerListener.log Argument de la ligne de commande : --add-opens=java.base/java.lang=ALL-UNNAMED
19-Mar-2025 11:04:19.064 INFO [main] org.apache.catalina.startup.VersionLoggerListener.log Argument de la ligne de commande : --add-opens=java.base/java.io=ALL-UNNAMED
19-Mar-2025 11:04:19.065 INFO [main] org.apache.catalina.startup.VersionLoggerListener.log Argument de la ligne de commande : --add-opens=java.base/java.util=ALL-UNNAMED
19-Mar-2025 11:04:19.065 INFO [main] org.apache.catalina.startup.VersionLoggerListener.log Argument de la ligne de commande : --add-opens=java.base/java.util.concurrent=ALL-UNNAMED
19-Mar-2025 11:04:19.066 INFO [main] org.apache.catalina.startup.VersionLoggerListener.log Argument de la ligne de commande : --add-opens=java.rmi/sun.rmi.transport=ALL-UNNAMED
19-Mar-2025 11:04:19.066 INFO [main] org.apache.catalina.startup.VersionLoggerListener.log Argument de la ligne de commande : -Dcatalina.home=C:\Program Files\Apache Software Foundation\apache-tomcat-10.1.36\apache-tomcat-10.1.36
19-Mar-2025 11:04:19.067 INFO [main] org.apache.catalina.startup.VersionLoggerListener.log Argument de la ligne de commande : -Dcatalina.base=C:\Users\oumay\IdeaProjects\Construction
19-Mar-2025 11:04:19.067 INFO [main] org.apache.catalina.startup.VersionLoggerListener.log Argument de la ligne de commande : -Djava.io.tmpdir=C:\Users\oumay\IdeaProjects\Construction\temp
19-Mar-2025 11:04:19.068 INFO [main] org.apache.catalina.startup.VersionLoggerListener.log Argument de la ligne de commande : -Djava.util.logging.config.file=C:\Users\oumay\IdeaProjects\Construction\conf\logging.properties
19-Mar-2025 11:04:19.069 INFO [main] org.apache.catalina.startup.VersionLoggerListener.log Argument de la ligne de commande : -Djava.util.logging.manager=org.apache.juli.ClassLoaderLogManager
19-Mar-2025 11:04:19.070 INFO [main] org.apache.catalina.startup.VersionLoggerListener.log Argument de la ligne de commande : -javaagent:C:\Program Files\JetBrains\IntelliJ IDEA 2024.3\lib\idea_rt.jar=57821:C:\Program Files\JetBrains\IntelliJ IDEA 2024.3\bin
19-Mar-2025 11:04:19.071 INFO [main] org.apache.catalina.startup.VersionLoggerListener.log Argument de la ligne de commande : -Dfile.encoding=UTF-8
19-Mar-2025 11:04:19.072 INFO [main] org.apache.catalina.startup.VersionLoggerListener.log Argument de la ligne de commande : -Dsun.stdout.encoding=UTF-8
19-Mar-2025 11:04:19.072 INFO [main] org.apache.catalina.startup.VersionLoggerListener.log Argument de la ligne de commande : -Dsun.stderr.encoding=UTF-8
19-Mar-2025 11:04:19.090 INFO [main] org.apache.catalina.core.AprLifecycleListener.lifecycleEvent La librairie Apache Tomcat Native basée sur APR qui permet des performances optimales dans les environnements de production n'a pas été trouvée sur le java.library.path : [C:\Users\oumay\.jdks\openjdk-23.0.1\bin;C:\WINDOWS\Sun\Java\bin;C:\WINDOWS\system32;C:\WINDOWS;C:\Program Files\Common Files\Oracle\Java\javapath;C:\WINDOWS\system32;C:\WINDOWS;C:\WINDOWS\System32\Wbem;C:\WINDOWS\System32\WindowsPowerShell\v1.0\;C:\WINDOWS\System32\OpenSSH\;C:\Program Files\Git\cmd;C:\MinGW\bin;C:\Program Files\Java\jdk-23\bin;C:\Users\oumay\AppData\Local\Microsoft\WindowsApps;C:\Users\oumay\AppData\Local\Programs\Microsoft VS Code\bin;C:\MinGW\bin;;C:\Program Files\JetBrains\IntelliJ IDEA 2024.3\bin;;C:\Program Files\JetBrains\IntelliJ IDEA Community Edition 2024.3\bin;;.]
19-Mar-2025 11:04:20.106 INFO [main] org.apache.coyote.AbstractProtocol.init Initialisation du gestionnaire de protocole ["http-nio-8081"]
19-Mar-2025 11:04:20.153 INFO [main] org.apache.catalina.startup.Catalina.load L'initialisation du serveur a pris [1835] millisecondes
19-Mar-2025 11:04:20.314 INFO [main] org.apache.catalina.core.StandardService.startInternal Démarrage du service [Catalina]
19-Mar-2025 11:04:20.316 INFO [main] org.apache.catalina.core.StandardEngine.startInternal Démarrage du moteur de Servlets : [Apache Tomcat/10.1.36]
19-Mar-2025 11:04:20.354 INFO [main] org.apache.catalina.startup.HostConfig.deployDescriptor Déploiement du descripteur de configuration [C:\Users\oumay\IdeaProjects\Construction\conf\Catalina\localhost\Construction.xml]
19-Mar-2025 11:04:22.813 INFO [main] org.apache.jasper.servlet.TldScanner.scanJars Au moins un fichier JAR a été analysé pour trouver des TLDs mais il n'en contenait pas, le mode "debug" du journal peut être activé pour obtenir une liste complète de JAR scannés sans succès ; éviter d'analyser des JARs inutilement peut améliorer sensiblement le temps de démarrage et le temps de compilation des JSPs
19-Mar-2025 11:04:23.143 INFO [main] org.apache.catalina.startup.HostConfig.deployDescriptor Le traitement du descripteur de déploiement [C:\Users\oumay\IdeaProjects\Construction\conf\Catalina\localhost\Construction.xml] a pris [2 785] ms
19-Mar-2025 11:04:23.152 INFO [main] org.apache.coyote.AbstractProtocol.start Démarrage du gestionnaire de protocole ["http-nio-8081"]
19-Mar-2025 11:04:23.185 INFO [main] org.apache.catalina.startup.Catalina.start Le démarrage du serveur a pris [3028] millisecondes
19-Mar-2025 11:05:09.986 INFO [Thread-1] org.apache.coyote.AbstractProtocol.pause Le gestionnaire de protocole ["http-nio-8081"] est mis en pause
19-Mar-2025 11:05:09.993 INFO [Thread-1] org.apache.catalina.core.StandardService.stopInternal Arrêt du service [Catalina]
19-Mar-2025 11:05:10.018 INFO [Thread-1] org.apache.coyote.AbstractProtocol.stop Arrêt du gestionnaire de protocole ["http-nio-8081"]
19-Mar-2025 11:05:10.039 INFO [Thread-1] org.apache.coyote.AbstractProtocol.destroy Destruction du gestionnaire de protocole ["http-nio-8081"]
19-Mar-2025 11:07:52.460 INFO [main] org.apache.catalina.startup.VersionLoggerListener.log Nom version serveur :              Apache Tomcat/10.1.36
19-Mar-2025 11:07:52.472 INFO [main] org.apache.catalina.startup.VersionLoggerListener.log Serveur compilé :                  Feb 13 2025 13:13:30 UTC
19-Mar-2025 11:07:52.473 INFO [main] org.apache.catalina.startup.VersionLoggerListener.log Version du serveur :               10.1.36.0
19-Mar-2025 11:07:52.473 INFO [main] org.apache.catalina.startup.VersionLoggerListener.log Nom de l'OS :                      Windows 11
19-Mar-2025 11:07:52.473 INFO [main] org.apache.catalina.startup.VersionLoggerListener.log Version OS :                       10.0
19-Mar-2025 11:07:52.473 INFO [main] org.apache.catalina.startup.VersionLoggerListener.log Architecture :                     amd64
19-Mar-2025 11:07:52.474 INFO [main] org.apache.catalina.startup.VersionLoggerListener.log Java Home :                        C:\Users\oumay\.jdks\openjdk-23.0.1
19-Mar-2025 11:07:52.474 INFO [main] org.apache.catalina.startup.VersionLoggerListener.log Version JVM :                      23.0.1+11-39
19-Mar-2025 11:07:52.475 INFO [main] org.apache.catalina.startup.VersionLoggerListener.log Fournisseur de la JVM :            Oracle Corporation
19-Mar-2025 11:07:52.475 INFO [main] org.apache.catalina.startup.VersionLoggerListener.log CATALINA_BASE :                    C:\Users\oumay\IdeaProjects\Construction
19-Mar-2025 11:07:52.476 INFO [main] org.apache.catalina.startup.VersionLoggerListener.log CATALINA_HOME :                    C:\Program Files\Apache Software Foundation\apache-tomcat-10.1.36\apache-tomcat-10.1.36
19-Mar-2025 11:07:52.511 INFO [main] org.apache.catalina.startup.VersionLoggerListener.log Argument de la ligne de commande : --add-opens=java.base/java.lang=ALL-UNNAMED
19-Mar-2025 11:07:52.513 INFO [main] org.apache.catalina.startup.VersionLoggerListener.log Argument de la ligne de commande : --add-opens=java.base/java.io=ALL-UNNAMED
19-Mar-2025 11:07:52.513 INFO [main] org.apache.catalina.startup.VersionLoggerListener.log Argument de la ligne de commande : --add-opens=java.base/java.util=ALL-UNNAMED
19-Mar-2025 11:07:52.514 INFO [main] org.apache.catalina.startup.VersionLoggerListener.log Argument de la ligne de commande : --add-opens=java.base/java.util.concurrent=ALL-UNNAMED
19-Mar-2025 11:07:52.515 INFO [main] org.apache.catalina.startup.VersionLoggerListener.log Argument de la ligne de commande : --add-opens=java.rmi/sun.rmi.transport=ALL-UNNAMED
19-Mar-2025 11:07:52.515 INFO [main] org.apache.catalina.startup.VersionLoggerListener.log Argument de la ligne de commande : -Dcatalina.home=C:\Program Files\Apache Software Foundation\apache-tomcat-10.1.36\apache-tomcat-10.1.36
19-Mar-2025 11:07:52.515 INFO [main] org.apache.catalina.startup.VersionLoggerListener.log Argument de la ligne de commande : -Dcatalina.base=C:\Users\oumay\IdeaProjects\Construction
19-Mar-2025 11:07:52.516 INFO [main] org.apache.catalina.startup.VersionLoggerListener.log Argument de la ligne de commande : -Djava.io.tmpdir=C:\Users\oumay\IdeaProjects\Construction\temp
19-Mar-2025 11:07:52.516 INFO [main] org.apache.catalina.startup.VersionLoggerListener.log Argument de la ligne de commande : -Djava.util.logging.config.file=C:\Users\oumay\IdeaProjects\Construction\conf\logging.properties
19-Mar-2025 11:07:52.516 INFO [main] org.apache.catalina.startup.VersionLoggerListener.log Argument de la ligne de commande : -Djava.util.logging.manager=org.apache.juli.ClassLoaderLogManager
19-Mar-2025 11:07:52.516 INFO [main] org.apache.catalina.startup.VersionLoggerListener.log Argument de la ligne de commande : -javaagent:C:\Program Files\JetBrains\IntelliJ IDEA 2024.3\lib\idea_rt.jar=57879:C:\Program Files\JetBrains\IntelliJ IDEA 2024.3\bin
19-Mar-2025 11:07:52.516 INFO [main] org.apache.catalina.startup.VersionLoggerListener.log Argument de la ligne de commande : -Dfile.encoding=UTF-8
19-Mar-2025 11:07:52.517 INFO [main] org.apache.catalina.startup.VersionLoggerListener.log Argument de la ligne de commande : -Dsun.stdout.encoding=UTF-8
19-Mar-2025 11:07:52.517 INFO [main] org.apache.catalina.startup.VersionLoggerListener.log Argument de la ligne de commande : -Dsun.stderr.encoding=UTF-8
19-Mar-2025 11:07:52.525 INFO [main] org.apache.catalina.core.AprLifecycleListener.lifecycleEvent La librairie Apache Tomcat Native basée sur APR qui permet des performances optimales dans les environnements de production n'a pas été trouvée sur le java.library.path : [C:\Users\oumay\.jdks\openjdk-23.0.1\bin;C:\WINDOWS\Sun\Java\bin;C:\WINDOWS\system32;C:\WINDOWS;C:\Program Files\Common Files\Oracle\Java\javapath;C:\WINDOWS\system32;C:\WINDOWS;C:\WINDOWS\System32\Wbem;C:\WINDOWS\System32\WindowsPowerShell\v1.0\;C:\WINDOWS\System32\OpenSSH\;C:\Program Files\Git\cmd;C:\MinGW\bin;C:\Program Files\Java\jdk-23\bin;C:\Users\oumay\AppData\Local\Microsoft\WindowsApps;C:\Users\oumay\AppData\Local\Programs\Microsoft VS Code\bin;C:\MinGW\bin;;C:\Program Files\JetBrains\IntelliJ IDEA 2024.3\bin;;C:\Program Files\JetBrains\IntelliJ IDEA Community Edition 2024.3\bin;;.]
19-Mar-2025 11:07:53.593 INFO [main] org.apache.coyote.AbstractProtocol.init Initialisation du gestionnaire de protocole ["http-nio-8081"]
19-Mar-2025 11:07:53.635 INFO [main] org.apache.catalina.startup.Catalina.load L'initialisation du serveur a pris [2122] millisecondes
19-Mar-2025 11:07:53.809 INFO [main] org.apache.catalina.core.StandardService.startInternal Démarrage du service [Catalina]
19-Mar-2025 11:07:53.810 INFO [main] org.apache.catalina.core.StandardEngine.startInternal Démarrage du moteur de Servlets : [Apache Tomcat/10.1.36]
19-Mar-2025 11:07:53.858 INFO [main] org.apache.catalina.startup.HostConfig.deployDescriptor Déploiement du descripteur de configuration [C:\Users\oumay\IdeaProjects\Construction\conf\Catalina\localhost\Construction.xml]
19-Mar-2025 11:07:56.845 INFO [main] org.apache.jasper.servlet.TldScanner.scanJars Au moins un fichier JAR a été analysé pour trouver des TLDs mais il n'en contenait pas, le mode "debug" du journal peut être activé pour obtenir une liste complète de JAR scannés sans succès ; éviter d'analyser des JARs inutilement peut améliorer sensiblement le temps de démarrage et le temps de compilation des JSPs
19-Mar-2025 11:07:57.168 INFO [main] org.apache.catalina.startup.HostConfig.deployDescriptor Le traitement du descripteur de déploiement [C:\Users\oumay\IdeaProjects\Construction\conf\Catalina\localhost\Construction.xml] a pris [3 302] ms
19-Mar-2025 11:07:57.189 INFO [main] org.apache.coyote.AbstractProtocol.start Démarrage du gestionnaire de protocole ["http-nio-8081"]
19-Mar-2025 11:07:57.244 INFO [main] org.apache.catalina.startup.Catalina.start Le démarrage du serveur a pris [3604] millisecondes
19-Mar-2025 11:07:57.255 SEVERE [main] org.apache.catalina.core.StandardServer.await Impossible de créer le sokcet d'arrêt du serveur à l'adresse [localhost] et au port [8005] (port de base [8005] et offset [0])
	java.net.BindException: Address already in use: bind
		at java.base/sun.nio.ch.Net.bind0(Native Method)
		at java.base/sun.nio.ch.Net.bind(Net.java:565)
		at java.base/sun.nio.ch.Net.bind(Net.java:554)
		at java.base/sun.nio.ch.NioSocketImpl.bind(NioSocketImpl.java:636)
		at java.base/java.net.ServerSocket.bind(ServerSocket.java:389)
		at java.base/java.net.ServerSocket.<init>(ServerSocket.java:276)
		at org.apache.catalina.core.StandardServer.await(StandardServer.java:533)
		at org.apache.catalina.startup.Catalina.await(Catalina.java:851)
		at org.apache.catalina.startup.Catalina.start(Catalina.java:799)
		at java.base/jdk.internal.reflect.DirectMethodHandleAccessor.invoke(DirectMethodHandleAccessor.java:103)
		at java.base/java.lang.reflect.Method.invoke(Method.java:580)
		at org.apache.catalina.startup.Bootstrap.start(Bootstrap.java:345)
		at org.apache.catalina.startup.Bootstrap.main(Bootstrap.java:473)
19-Mar-2025 11:07:57.256 INFO [main] org.apache.coyote.AbstractProtocol.pause Le gestionnaire de protocole ["http-nio-8081"] est mis en pause
19-Mar-2025 11:07:57.262 INFO [main] org.apache.catalina.core.StandardService.stopInternal Arrêt du service [Catalina]
19-Mar-2025 11:07:57.280 INFO [main] org.apache.coyote.AbstractProtocol.stop Arrêt du gestionnaire de protocole ["http-nio-8081"]
19-Mar-2025 11:07:57.293 INFO [main] org.apache.coyote.AbstractProtocol.destroy Destruction du gestionnaire de protocole ["http-nio-8081"]
19-Mar-2025 11:08:40.094 INFO [main] org.apache.catalina.startup.VersionLoggerListener.log Nom version serveur :              Apache Tomcat/10.1.36
19-Mar-2025 11:08:40.103 INFO [main] org.apache.catalina.startup.VersionLoggerListener.log Serveur compilé :                  Feb 13 2025 13:13:30 UTC
19-Mar-2025 11:08:40.104 INFO [main] org.apache.catalina.startup.VersionLoggerListener.log Version du serveur :               10.1.36.0
19-Mar-2025 11:08:40.106 INFO [main] org.apache.catalina.startup.VersionLoggerListener.log Nom de l'OS :                      Windows 11
19-Mar-2025 11:08:40.108 INFO [main] org.apache.catalina.startup.VersionLoggerListener.log Version OS :                       10.0
19-Mar-2025 11:08:40.109 INFO [main] org.apache.catalina.startup.VersionLoggerListener.log Architecture :                     amd64
19-Mar-2025 11:08:40.109 INFO [main] org.apache.catalina.startup.VersionLoggerListener.log Java Home :                        C:\Users\oumay\.jdks\openjdk-23.0.1
19-Mar-2025 11:08:40.109 INFO [main] org.apache.catalina.startup.VersionLoggerListener.log Version JVM :                      23.0.1+11-39
19-Mar-2025 11:08:40.110 INFO [main] org.apache.catalina.startup.VersionLoggerListener.log Fournisseur de la JVM :            Oracle Corporation
19-Mar-2025 11:08:40.110 INFO [main] org.apache.catalina.startup.VersionLoggerListener.log CATALINA_BASE :                    C:\Users\oumay\IdeaProjects\Construction
19-Mar-2025 11:08:40.110 INFO [main] org.apache.catalina.startup.VersionLoggerListener.log CATALINA_HOME :                    C:\Program Files\Apache Software Foundation\apache-tomcat-10.1.36\apache-tomcat-10.1.36
19-Mar-2025 11:08:40.131 INFO [main] org.apache.catalina.startup.VersionLoggerListener.log Argument de la ligne de commande : --add-opens=java.base/java.lang=ALL-UNNAMED
19-Mar-2025 11:08:40.131 INFO [main] org.apache.catalina.startup.VersionLoggerListener.log Argument de la ligne de commande : --add-opens=java.base/java.io=ALL-UNNAMED
19-Mar-2025 11:08:40.132 INFO [main] org.apache.catalina.startup.VersionLoggerListener.log Argument de la ligne de commande : --add-opens=java.base/java.util=ALL-UNNAMED
19-Mar-2025 11:08:40.132 INFO [main] org.apache.catalina.startup.VersionLoggerListener.log Argument de la ligne de commande : --add-opens=java.base/java.util.concurrent=ALL-UNNAMED
19-Mar-2025 11:08:40.132 INFO [main] org.apache.catalina.startup.VersionLoggerListener.log Argument de la ligne de commande : --add-opens=java.rmi/sun.rmi.transport=ALL-UNNAMED
19-Mar-2025 11:08:40.132 INFO [main] org.apache.catalina.startup.VersionLoggerListener.log Argument de la ligne de commande : -Dcatalina.home=C:\Program Files\Apache Software Foundation\apache-tomcat-10.1.36\apache-tomcat-10.1.36
19-Mar-2025 11:08:40.132 INFO [main] org.apache.catalina.startup.VersionLoggerListener.log Argument de la ligne de commande : -Dcatalina.base=C:\Users\oumay\IdeaProjects\Construction
19-Mar-2025 11:08:40.132 INFO [main] org.apache.catalina.startup.VersionLoggerListener.log Argument de la ligne de commande : -Djava.io.tmpdir=C:\Users\oumay\IdeaProjects\Construction\temp
19-Mar-2025 11:08:40.132 INFO [main] org.apache.catalina.startup.VersionLoggerListener.log Argument de la ligne de commande : -Djava.util.logging.config.file=C:\Users\oumay\IdeaProjects\Construction\conf\logging.properties
19-Mar-2025 11:08:40.133 INFO [main] org.apache.catalina.startup.VersionLoggerListener.log Argument de la ligne de commande : -Djava.util.logging.manager=org.apache.juli.ClassLoaderLogManager
19-Mar-2025 11:08:40.133 INFO [main] org.apache.catalina.startup.VersionLoggerListener.log Argument de la ligne de commande : -javaagent:C:\Program Files\JetBrains\IntelliJ IDEA 2024.3\lib\idea_rt.jar=57906:C:\Program Files\JetBrains\IntelliJ IDEA 2024.3\bin
19-Mar-2025 11:08:40.133 INFO [main] org.apache.catalina.startup.VersionLoggerListener.log Argument de la ligne de commande : -Dfile.encoding=UTF-8
19-Mar-2025 11:08:40.133 INFO [main] org.apache.catalina.startup.VersionLoggerListener.log Argument de la ligne de commande : -Dsun.stdout.encoding=UTF-8
19-Mar-2025 11:08:40.134 INFO [main] org.apache.catalina.startup.VersionLoggerListener.log Argument de la ligne de commande : -Dsun.stderr.encoding=UTF-8
19-Mar-2025 11:08:40.141 INFO [main] org.apache.catalina.core.AprLifecycleListener.lifecycleEvent La librairie Apache Tomcat Native basée sur APR qui permet des performances optimales dans les environnements de production n'a pas été trouvée sur le java.library.path : [C:\Users\oumay\.jdks\openjdk-23.0.1\bin;C:\WINDOWS\Sun\Java\bin;C:\WINDOWS\system32;C:\WINDOWS;C:\Program Files\Common Files\Oracle\Java\javapath;C:\WINDOWS\system32;C:\WINDOWS;C:\WINDOWS\System32\Wbem;C:\WINDOWS\System32\WindowsPowerShell\v1.0\;C:\WINDOWS\System32\OpenSSH\;C:\Program Files\Git\cmd;C:\MinGW\bin;C:\Program Files\Java\jdk-23\bin;C:\Users\oumay\AppData\Local\Microsoft\WindowsApps;C:\Users\oumay\AppData\Local\Programs\Microsoft VS Code\bin;C:\MinGW\bin;;C:\Program Files\JetBrains\IntelliJ IDEA 2024.3\bin;;C:\Program Files\JetBrains\IntelliJ IDEA Community Edition 2024.3\bin;;.]
19-Mar-2025 11:08:41.181 INFO [main] org.apache.coyote.AbstractProtocol.init Initialisation du gestionnaire de protocole ["http-nio-8081"]
19-Mar-2025 11:08:41.232 INFO [main] org.apache.catalina.startup.Catalina.load L'initialisation du serveur a pris [1761] millisecondes
19-Mar-2025 11:08:41.400 INFO [main] org.apache.catalina.core.StandardService.startInternal Démarrage du service [Catalina]
19-Mar-2025 11:08:41.400 INFO [main] org.apache.catalina.core.StandardEngine.startInternal Démarrage du moteur de Servlets : [Apache Tomcat/10.1.36]
19-Mar-2025 11:08:41.444 INFO [main] org.apache.catalina.startup.HostConfig.deployDescriptor Déploiement du descripteur de configuration [C:\Users\oumay\IdeaProjects\Construction\conf\Catalina\localhost\Construction.xml]
19-Mar-2025 11:08:44.383 INFO [main] org.apache.jasper.servlet.TldScanner.scanJars Au moins un fichier JAR a été analysé pour trouver des TLDs mais il n'en contenait pas, le mode "debug" du journal peut être activé pour obtenir une liste complète de JAR scannés sans succès ; éviter d'analyser des JARs inutilement peut améliorer sensiblement le temps de démarrage et le temps de compilation des JSPs
19-Mar-2025 11:08:44.832 INFO [main] org.apache.catalina.startup.HostConfig.deployDescriptor Le traitement du descripteur de déploiement [C:\Users\oumay\IdeaProjects\Construction\conf\Catalina\localhost\Construction.xml] a pris [3 367] ms
19-Mar-2025 11:08:44.889 INFO [main] org.apache.coyote.AbstractProtocol.start Démarrage du gestionnaire de protocole ["http-nio-8081"]
19-Mar-2025 11:08:44.953 INFO [main] org.apache.catalina.startup.Catalina.start Le démarrage du serveur a pris [3715] millisecondes
19-Mar-2025 11:09:06.440 INFO [Thread-1] org.apache.coyote.AbstractProtocol.pause Le gestionnaire de protocole ["http-nio-8081"] est mis en pause
19-Mar-2025 11:09:06.447 INFO [Thread-1] org.apache.catalina.core.StandardService.stopInternal Arrêt du service [Catalina]
19-Mar-2025 11:09:06.469 INFO [Thread-1] org.apache.coyote.AbstractProtocol.stop Arrêt du gestionnaire de protocole ["http-nio-8081"]
19-Mar-2025 11:09:06.493 INFO [Thread-1] org.apache.coyote.AbstractProtocol.destroy Destruction du gestionnaire de protocole ["http-nio-8081"]
19-Mar-2025 11:11:48.031 INFO [main] org.apache.catalina.startup.VersionLoggerListener.log Nom version serveur :              Apache Tomcat/10.1.36
19-Mar-2025 11:11:48.045 INFO [main] org.apache.catalina.startup.VersionLoggerListener.log Serveur compilé :                  Feb 13 2025 13:13:30 UTC
19-Mar-2025 11:11:48.046 INFO [main] org.apache.catalina.startup.VersionLoggerListener.log Version du serveur :               10.1.36.0
19-Mar-2025 11:11:48.047 INFO [main] org.apache.catalina.startup.VersionLoggerListener.log Nom de l'OS :                      Windows 11
19-Mar-2025 11:11:48.047 INFO [main] org.apache.catalina.startup.VersionLoggerListener.log Version OS :                       10.0
19-Mar-2025 11:11:48.048 INFO [main] org.apache.catalina.startup.VersionLoggerListener.log Architecture :                     amd64
19-Mar-2025 11:11:48.050 INFO [main] org.apache.catalina.startup.VersionLoggerListener.log Java Home :                        C:\Users\oumay\.jdks\openjdk-23.0.1
19-Mar-2025 11:11:48.050 INFO [main] org.apache.catalina.startup.VersionLoggerListener.log Version JVM :                      23.0.1+11-39
19-Mar-2025 11:11:48.052 INFO [main] org.apache.catalina.startup.VersionLoggerListener.log Fournisseur de la JVM :            Oracle Corporation
19-Mar-2025 11:11:48.054 INFO [main] org.apache.catalina.startup.VersionLoggerListener.log CATALINA_BASE :                    C:\Users\oumay\IdeaProjects\Construction
19-Mar-2025 11:11:48.054 INFO [main] org.apache.catalina.startup.VersionLoggerListener.log CATALINA_HOME :                    C:\Program Files\Apache Software Foundation\apache-tomcat-10.1.36\apache-tomcat-10.1.36
19-Mar-2025 11:11:48.074 INFO [main] org.apache.catalina.startup.VersionLoggerListener.log Argument de la ligne de commande : --add-opens=java.base/java.lang=ALL-UNNAMED
19-Mar-2025 11:11:48.074 INFO [main] org.apache.catalina.startup.VersionLoggerListener.log Argument de la ligne de commande : --add-opens=java.base/java.io=ALL-UNNAMED
19-Mar-2025 11:11:48.075 INFO [main] org.apache.catalina.startup.VersionLoggerListener.log Argument de la ligne de commande : --add-opens=java.base/java.util=ALL-UNNAMED
19-Mar-2025 11:11:48.075 INFO [main] org.apache.catalina.startup.VersionLoggerListener.log Argument de la ligne de commande : --add-opens=java.base/java.util.concurrent=ALL-UNNAMED
19-Mar-2025 11:11:48.076 INFO [main] org.apache.catalina.startup.VersionLoggerListener.log Argument de la ligne de commande : --add-opens=java.rmi/sun.rmi.transport=ALL-UNNAMED
19-Mar-2025 11:11:48.078 INFO [main] org.apache.catalina.startup.VersionLoggerListener.log Argument de la ligne de commande : -Dcatalina.home=C:\Program Files\Apache Software Foundation\apache-tomcat-10.1.36\apache-tomcat-10.1.36
19-Mar-2025 11:11:48.080 INFO [main] org.apache.catalina.startup.VersionLoggerListener.log Argument de la ligne de commande : -Dcatalina.base=C:\Users\oumay\IdeaProjects\Construction
19-Mar-2025 11:11:48.081 INFO [main] org.apache.catalina.startup.VersionLoggerListener.log Argument de la ligne de commande : -Djava.io.tmpdir=C:\Users\oumay\IdeaProjects\Construction\temp
19-Mar-2025 11:11:48.083 INFO [main] org.apache.catalina.startup.VersionLoggerListener.log Argument de la ligne de commande : -Djava.util.logging.config.file=C:\Users\oumay\IdeaProjects\Construction\conf\logging.properties
19-Mar-2025 11:11:48.084 INFO [main] org.apache.catalina.startup.VersionLoggerListener.log Argument de la ligne de commande : -Djava.util.logging.manager=org.apache.juli.ClassLoaderLogManager
19-Mar-2025 11:11:48.085 INFO [main] org.apache.catalina.startup.VersionLoggerListener.log Argument de la ligne de commande : -javaagent:C:\Program Files\JetBrains\IntelliJ IDEA 2024.3\lib\idea_rt.jar=57981:C:\Program Files\JetBrains\IntelliJ IDEA 2024.3\bin
19-Mar-2025 11:11:48.085 INFO [main] org.apache.catalina.startup.VersionLoggerListener.log Argument de la ligne de commande : -Dfile.encoding=UTF-8
19-Mar-2025 11:11:48.086 INFO [main] org.apache.catalina.startup.VersionLoggerListener.log Argument de la ligne de commande : -Dsun.stdout.encoding=UTF-8
19-Mar-2025 11:11:48.087 INFO [main] org.apache.catalina.startup.VersionLoggerListener.log Argument de la ligne de commande : -Dsun.stderr.encoding=UTF-8
19-Mar-2025 11:11:48.101 INFO [main] org.apache.catalina.core.AprLifecycleListener.lifecycleEvent La librairie Apache Tomcat Native basée sur APR qui permet des performances optimales dans les environnements de production n'a pas été trouvée sur le java.library.path : [C:\Users\oumay\.jdks\openjdk-23.0.1\bin;C:\WINDOWS\Sun\Java\bin;C:\WINDOWS\system32;C:\WINDOWS;C:\Program Files\Common Files\Oracle\Java\javapath;C:\WINDOWS\system32;C:\WINDOWS;C:\WINDOWS\System32\Wbem;C:\WINDOWS\System32\WindowsPowerShell\v1.0\;C:\WINDOWS\System32\OpenSSH\;C:\Program Files\Git\cmd;C:\MinGW\bin;C:\Program Files\Java\jdk-23\bin;C:\Users\oumay\AppData\Local\Microsoft\WindowsApps;C:\Users\oumay\AppData\Local\Programs\Microsoft VS Code\bin;C:\MinGW\bin;;C:\Program Files\JetBrains\IntelliJ IDEA 2024.3\bin;;C:\Program Files\JetBrains\IntelliJ IDEA Community Edition 2024.3\bin;;.]
19-Mar-2025 11:11:48.961 INFO [main] org.apache.coyote.AbstractProtocol.init Initialisation du gestionnaire de protocole ["http-nio-8081"]
19-Mar-2025 11:11:49.012 INFO [main] org.apache.catalina.startup.Catalina.load L'initialisation du serveur a pris [1636] millisecondes
19-Mar-2025 11:11:49.180 INFO [main] org.apache.catalina.core.StandardService.startInternal Démarrage du service [Catalina]
19-Mar-2025 11:11:49.181 INFO [main] org.apache.catalina.core.StandardEngine.startInternal Démarrage du moteur de Servlets : [Apache Tomcat/10.1.36]
19-Mar-2025 11:11:49.217 INFO [main] org.apache.catalina.startup.HostConfig.deployDescriptor Déploiement du descripteur de configuration [C:\Users\oumay\IdeaProjects\Construction\conf\Catalina\localhost\Construction.xml]
19-Mar-2025 11:11:51.959 INFO [main] org.apache.jasper.servlet.TldScanner.scanJars Au moins un fichier JAR a été analysé pour trouver des TLDs mais il n'en contenait pas, le mode "debug" du journal peut être activé pour obtenir une liste complète de JAR scannés sans succès ; éviter d'analyser des JARs inutilement peut améliorer sensiblement le temps de démarrage et le temps de compilation des JSPs
19-Mar-2025 11:11:52.362 INFO [main] org.apache.catalina.startup.HostConfig.deployDescriptor Le traitement du descripteur de déploiement [C:\Users\oumay\IdeaProjects\Construction\conf\Catalina\localhost\Construction.xml] a pris [3 140] ms
19-Mar-2025 11:11:52.373 INFO [main] org.apache.coyote.AbstractProtocol.start Démarrage du gestionnaire de protocole ["http-nio-8081"]
19-Mar-2025 11:11:52.409 INFO [main] org.apache.catalina.startup.Catalina.start Le démarrage du serveur a pris [3392] millisecondes
19-Mar-2025 11:13:27.662 INFO [Thread-1] org.apache.coyote.AbstractProtocol.pause Le gestionnaire de protocole ["http-nio-8081"] est mis en pause
19-Mar-2025 11:13:27.668 INFO [Thread-1] org.apache.catalina.core.StandardService.stopInternal Arrêt du service [Catalina]
19-Mar-2025 11:13:27.696 INFO [Thread-1] org.apache.coyote.AbstractProtocol.stop Arrêt du gestionnaire de protocole ["http-nio-8081"]
19-Mar-2025 11:13:27.709 INFO [Thread-1] org.apache.coyote.AbstractProtocol.destroy Destruction du gestionnaire de protocole ["http-nio-8081"]
