21-Mar-2025 00:21:54.201 INFO [Thread-1] org.apache.coyote.AbstractProtocol.pause Le gestionnaire de protocole ["http-nio-8081"] est mis en pause
21-Mar-2025 00:21:54.231 INFO [Thread-1] org.apache.catalina.core.StandardService.stopInternal Arrêt du service [Catalina]
21-Mar-2025 00:21:54.356 INFO [Thread-1] org.apache.coyote.AbstractProtocol.stop Arrêt du gestionnaire de protocole ["http-nio-8081"]
21-Mar-2025 00:21:54.375 INFO [Thread-1] org.apache.coyote.AbstractProtocol.destroy Destruction du gestionnaire de protocole ["http-nio-8081"]
21-Mar-2025 00:22:11.972 INFO [main] org.apache.catalina.startup.VersionLoggerListener.log Nom version serveur :              Apache Tomcat/10.1.36
21-Mar-2025 00:22:11.984 INFO [main] org.apache.catalina.startup.VersionLoggerListener.log Serveur compilé :                  Feb 13 2025 13:13:30 UTC
21-Mar-2025 00:22:11.984 INFO [main] org.apache.catalina.startup.VersionLoggerListener.log Version du serveur :               10.1.36.0
21-Mar-2025 00:22:11.984 INFO [main] org.apache.catalina.startup.VersionLoggerListener.log Nom de l'OS :                      Windows 11
21-Mar-2025 00:22:11.985 INFO [main] org.apache.catalina.startup.VersionLoggerListener.log Version OS :                       10.0
21-Mar-2025 00:22:11.987 INFO [main] org.apache.catalina.startup.VersionLoggerListener.log Architecture :                     amd64
21-Mar-2025 00:22:11.989 INFO [main] org.apache.catalina.startup.VersionLoggerListener.log Java Home :                        C:\Users\oumay\.jdks\openjdk-23.0.1
21-Mar-2025 00:22:11.991 INFO [main] org.apache.catalina.startup.VersionLoggerListener.log Version JVM :                      23.0.1+11-39
21-Mar-2025 00:22:11.992 INFO [main] org.apache.catalina.startup.VersionLoggerListener.log Fournisseur de la JVM :            Oracle Corporation
21-Mar-2025 00:22:11.995 INFO [main] org.apache.catalina.startup.VersionLoggerListener.log CATALINA_BASE :                    C:\Users\oumay\IdeaProjects\Construction
21-Mar-2025 00:22:11.996 INFO [main] org.apache.catalina.startup.VersionLoggerListener.log CATALINA_HOME :                    C:\Program Files\Apache Software Foundation\apache-tomcat-10.1.36\apache-tomcat-10.1.36
21-Mar-2025 00:22:12.018 INFO [main] org.apache.catalina.startup.VersionLoggerListener.log Argument de la ligne de commande : --add-opens=java.base/java.lang=ALL-UNNAMED
21-Mar-2025 00:22:12.018 INFO [main] org.apache.catalina.startup.VersionLoggerListener.log Argument de la ligne de commande : --add-opens=java.base/java.io=ALL-UNNAMED
21-Mar-2025 00:22:12.019 INFO [main] org.apache.catalina.startup.VersionLoggerListener.log Argument de la ligne de commande : --add-opens=java.base/java.util=ALL-UNNAMED
21-Mar-2025 00:22:12.019 INFO [main] org.apache.catalina.startup.VersionLoggerListener.log Argument de la ligne de commande : --add-opens=java.base/java.util.concurrent=ALL-UNNAMED
21-Mar-2025 00:22:12.019 INFO [main] org.apache.catalina.startup.VersionLoggerListener.log Argument de la ligne de commande : --add-opens=java.rmi/sun.rmi.transport=ALL-UNNAMED
21-Mar-2025 00:22:12.019 INFO [main] org.apache.catalina.startup.VersionLoggerListener.log Argument de la ligne de commande : -Dcatalina.home=C:\Program Files\Apache Software Foundation\apache-tomcat-10.1.36\apache-tomcat-10.1.36
21-Mar-2025 00:22:12.020 INFO [main] org.apache.catalina.startup.VersionLoggerListener.log Argument de la ligne de commande : -Dcatalina.base=C:\Users\oumay\IdeaProjects\Construction
21-Mar-2025 00:22:12.020 INFO [main] org.apache.catalina.startup.VersionLoggerListener.log Argument de la ligne de commande : -Djava.io.tmpdir=C:\Users\oumay\IdeaProjects\Construction\temp
21-Mar-2025 00:22:12.021 INFO [main] org.apache.catalina.startup.VersionLoggerListener.log Argument de la ligne de commande : -Djava.util.logging.config.file=C:\Users\oumay\IdeaProjects\Construction\conf\logging.properties
21-Mar-2025 00:22:12.021 INFO [main] org.apache.catalina.startup.VersionLoggerListener.log Argument de la ligne de commande : -Djava.util.logging.manager=org.apache.juli.ClassLoaderLogManager
21-Mar-2025 00:22:12.021 INFO [main] org.apache.catalina.startup.VersionLoggerListener.log Argument de la ligne de commande : -javaagent:C:\Program Files\JetBrains\IntelliJ IDEA 2024.3\lib\idea_rt.jar=53454:C:\Program Files\JetBrains\IntelliJ IDEA 2024.3\bin
21-Mar-2025 00:22:12.022 INFO [main] org.apache.catalina.startup.VersionLoggerListener.log Argument de la ligne de commande : -Dfile.encoding=UTF-8
21-Mar-2025 00:22:12.022 INFO [main] org.apache.catalina.startup.VersionLoggerListener.log Argument de la ligne de commande : -Dsun.stdout.encoding=UTF-8
21-Mar-2025 00:22:12.023 INFO [main] org.apache.catalina.startup.VersionLoggerListener.log Argument de la ligne de commande : -Dsun.stderr.encoding=UTF-8
21-Mar-2025 00:22:12.039 INFO [main] org.apache.catalina.core.AprLifecycleListener.lifecycleEvent La librairie Apache Tomcat Native basée sur APR qui permet des performances optimales dans les environnements de production n'a pas été trouvée sur le java.library.path : [C:\Users\oumay\.jdks\openjdk-23.0.1\bin;C:\WINDOWS\Sun\Java\bin;C:\WINDOWS\system32;C:\WINDOWS;C:\Program Files\Common Files\Oracle\Java\javapath;C:\WINDOWS\system32;C:\WINDOWS;C:\WINDOWS\System32\Wbem;C:\WINDOWS\System32\WindowsPowerShell\v1.0\;C:\WINDOWS\System32\OpenSSH\;C:\Program Files\Git\cmd;C:\MinGW\bin;C:\Program Files\Java\jdk-23\bin;C:\Users\oumay\AppData\Local\Microsoft\WindowsApps;C:\Users\oumay\AppData\Local\Programs\Microsoft VS Code\bin;C:\MinGW\bin;;C:\Program Files\JetBrains\IntelliJ IDEA 2024.3\bin;;C:\Program Files\JetBrains\IntelliJ IDEA Community Edition 2024.3\bin;;.]
21-Mar-2025 00:22:12.991 INFO [main] org.apache.coyote.AbstractProtocol.init Initialisation du gestionnaire de protocole ["http-nio-8081"]
21-Mar-2025 00:22:13.038 INFO [main] org.apache.catalina.startup.Catalina.load L'initialisation du serveur a pris [1885] millisecondes
21-Mar-2025 00:22:13.346 INFO [main] org.apache.catalina.core.StandardService.startInternal Démarrage du service [Catalina]
21-Mar-2025 00:22:13.347 INFO [main] org.apache.catalina.core.StandardEngine.startInternal Démarrage du moteur de Servlets : [Apache Tomcat/10.1.36]
21-Mar-2025 00:22:13.383 INFO [main] org.apache.catalina.startup.HostConfig.deployDescriptor Déploiement du descripteur de configuration [C:\Users\oumay\IdeaProjects\Construction\conf\Catalina\localhost\Construction.xml]
21-Mar-2025 00:22:16.542 INFO [main] org.apache.jasper.servlet.TldScanner.scanJars Au moins un fichier JAR a été analysé pour trouver des TLDs mais il n'en contenait pas, le mode "debug" du journal peut être activé pour obtenir une liste complète de JAR scannés sans succès ; éviter d'analyser des JARs inutilement peut améliorer sensiblement le temps de démarrage et le temps de compilation des JSPs
21-Mar-2025 00:22:16.872 INFO [main] org.apache.catalina.startup.HostConfig.deployDescriptor Le traitement du descripteur de déploiement [C:\Users\oumay\IdeaProjects\Construction\conf\Catalina\localhost\Construction.xml] a pris [3 480] ms
21-Mar-2025 00:22:16.878 INFO [main] org.apache.coyote.AbstractProtocol.start Démarrage du gestionnaire de protocole ["http-nio-8081"]
21-Mar-2025 00:22:16.914 INFO [main] org.apache.catalina.startup.Catalina.start Le démarrage du serveur a pris [3869] millisecondes
21-Mar-2025 00:25:38.360 INFO [Thread-1] org.apache.coyote.AbstractProtocol.pause Le gestionnaire de protocole ["http-nio-8081"] est mis en pause
21-Mar-2025 00:25:38.369 INFO [Thread-1] org.apache.catalina.core.StandardService.stopInternal Arrêt du service [Catalina]
21-Mar-2025 00:25:38.388 INFO [Thread-1] org.apache.coyote.AbstractProtocol.stop Arrêt du gestionnaire de protocole ["http-nio-8081"]
21-Mar-2025 00:25:38.411 INFO [Thread-1] org.apache.coyote.AbstractProtocol.destroy Destruction du gestionnaire de protocole ["http-nio-8081"]
