19-Mar-2025 12:24:17.534 SEVERE [http-nio-8081-exec-2] org.apache.catalina.core.StandardWrapperValve.invoke Servlet.service() du Servlet [jsp] dans le contexte au chemin [/Construction] a retourné une exception [Impossible de compiler la classe pour la JSP: 

Une erreur s'est produite à la ligne : [34] dans le fichier jsp : [/index.jsp]
sessionObj cannot be resolved
31:     <main class="flex-1 p-8">
32:         <button id="toggleSidebar" class=" px-4 py-2 rounded mb-4">Toggle Sidebar</button>
33: 
34:         <h1 class="text-3xl font-bold text-gray-900 dark:text-white animate-fade-in">Welcome, <%= sessionObj.getAttribute("user") %>!</h1>
35:         <p class="text-gray-600 dark:text-gray-300 mt-2">Here’s an overview of your projects and tasks.</p>
36: 
37:         <!-- Animated Statistics -->


Stacktrace:] avec la cause
	org.apache.jasper.JasperException: Impossible de compiler la classe pour la JSP: 

Une erreur s'est produite à la ligne : [34] dans le fichier jsp : [/index.jsp]
sessionObj cannot be resolved
31:     <main class="flex-1 p-8">
32:         <button id="toggleSidebar" class=" px-4 py-2 rounded mb-4">Toggle Sidebar</button>
33: 
34:         <h1 class="text-3xl font-bold text-gray-900 dark:text-white animate-fade-in">Welcome, <%= sessionObj.getAttribute("user") %>!</h1>
35:         <p class="text-gray-600 dark:text-gray-300 mt-2">Here’s an overview of your projects and tasks.</p>
36: 
37:         <!-- Animated Statistics -->


Stacktrace:
		at org.apache.jasper.compiler.DefaultErrorHandler.javacError(DefaultErrorHandler.java:72)
		at org.apache.jasper.compiler.ErrorDispatcher.javacError(ErrorDispatcher.java:192)
		at org.apache.jasper.compiler.JDTCompiler.generateClass(JDTCompiler.java:524)
		at org.apache.jasper.compiler.Compiler.compile(Compiler.java:373)
		at org.apache.jasper.compiler.Compiler.compile(Compiler.java:345)
		at org.apache.jasper.compiler.Compiler.compile(Compiler.java:331)
		at org.apache.jasper.JspCompilationContext.compile(JspCompilationContext.java:603)
		at org.apache.jasper.servlet.JspServletWrapper.service(JspServletWrapper.java:396)
		at org.apache.jasper.servlet.JspServlet.serviceJspFile(JspServlet.java:377)
		at org.apache.jasper.servlet.JspServlet.service(JspServlet.java:325)
		at jakarta.servlet.http.HttpServlet.service(HttpServlet.java:658)
		at org.apache.catalina.core.ApplicationFilterChain.internalDoFilter(ApplicationFilterChain.java:195)
		at org.apache.catalina.core.ApplicationFilterChain.doFilter(ApplicationFilterChain.java:140)
		at org.apache.tomcat.websocket.server.WsFilter.doFilter(WsFilter.java:51)
		at org.apache.catalina.core.ApplicationFilterChain.internalDoFilter(ApplicationFilterChain.java:164)
		at org.apache.catalina.core.ApplicationFilterChain.doFilter(ApplicationFilterChain.java:140)
		at org.apache.catalina.core.StandardWrapperValve.invoke(StandardWrapperValve.java:167)
		at org.apache.catalina.core.StandardContextValve.invoke(StandardContextValve.java:90)
		at org.apache.catalina.authenticator.AuthenticatorBase.invoke(AuthenticatorBase.java:483)
		at org.apache.catalina.core.StandardHostValve.invoke(StandardHostValve.java:115)
		at org.apache.catalina.valves.ErrorReportValve.invoke(ErrorReportValve.java:93)
		at org.apache.catalina.valves.AbstractAccessLogValve.invoke(AbstractAccessLogValve.java:663)
		at org.apache.catalina.core.StandardEngineValve.invoke(StandardEngineValve.java:74)
		at org.apache.catalina.connector.CoyoteAdapter.service(CoyoteAdapter.java:344)
		at org.apache.coyote.http11.Http11Processor.service(Http11Processor.java:397)
		at org.apache.coyote.AbstractProcessorLight.process(AbstractProcessorLight.java:63)
		at org.apache.coyote.AbstractProtocol$ConnectionHandler.process(AbstractProtocol.java:905)
		at org.apache.tomcat.util.net.NioEndpoint$SocketProcessor.doRun(NioEndpoint.java:1743)
		at org.apache.tomcat.util.net.SocketProcessorBase.run(SocketProcessorBase.java:52)
		at org.apache.tomcat.util.threads.ThreadPoolExecutor.runWorker(ThreadPoolExecutor.java:1190)
		at org.apache.tomcat.util.threads.ThreadPoolExecutor$Worker.run(ThreadPoolExecutor.java:659)
		at org.apache.tomcat.util.threads.TaskThread$WrappingRunnable.run(TaskThread.java:63)
		at java.base/java.lang.Thread.run(Thread.java:1575)
19-Mar-2025 12:24:36.818 SEVERE [http-nio-8081-exec-4] org.apache.catalina.core.StandardWrapperValve.invoke Servlet.service() du Servlet [jsp] dans le contexte au chemin [/Construction] a retourné une exception [Impossible de compiler la classe pour la JSP: 

Une erreur s'est produite à la ligne : [34] dans le fichier jsp : [/index.jsp]
sessionObj cannot be resolved
31:     <main class="flex-1 p-8">
32:         <button id="toggleSidebar" class=" px-4 py-2 rounded mb-4">Toggle Sidebar</button>
33: 
34:         <h1 class="text-3xl font-bold text-gray-900 dark:text-white animate-fade-in">Welcome, <%= sessionObj.getAttribute("user") %>!</h1>
35:         <p class="text-gray-600 dark:text-gray-300 mt-2">Here’s an overview of your projects and tasks.</p>
36: 
37:         <!-- Animated Statistics -->


Stacktrace:] avec la cause
	org.apache.jasper.JasperException: Impossible de compiler la classe pour la JSP: 

Une erreur s'est produite à la ligne : [34] dans le fichier jsp : [/index.jsp]
sessionObj cannot be resolved
31:     <main class="flex-1 p-8">
32:         <button id="toggleSidebar" class=" px-4 py-2 rounded mb-4">Toggle Sidebar</button>
33: 
34:         <h1 class="text-3xl font-bold text-gray-900 dark:text-white animate-fade-in">Welcome, <%= sessionObj.getAttribute("user") %>!</h1>
35:         <p class="text-gray-600 dark:text-gray-300 mt-2">Here’s an overview of your projects and tasks.</p>
36: 
37:         <!-- Animated Statistics -->


Stacktrace:
		at org.apache.jasper.compiler.DefaultErrorHandler.javacError(DefaultErrorHandler.java:72)
		at org.apache.jasper.compiler.ErrorDispatcher.javacError(ErrorDispatcher.java:192)
		at org.apache.jasper.compiler.JDTCompiler.generateClass(JDTCompiler.java:524)
		at org.apache.jasper.compiler.Compiler.compile(Compiler.java:373)
		at org.apache.jasper.compiler.Compiler.compile(Compiler.java:345)
		at org.apache.jasper.compiler.Compiler.compile(Compiler.java:331)
		at org.apache.jasper.JspCompilationContext.compile(JspCompilationContext.java:603)
		at org.apache.jasper.servlet.JspServletWrapper.service(JspServletWrapper.java:396)
		at org.apache.jasper.servlet.JspServlet.serviceJspFile(JspServlet.java:377)
		at org.apache.jasper.servlet.JspServlet.service(JspServlet.java:325)
		at jakarta.servlet.http.HttpServlet.service(HttpServlet.java:658)
		at org.apache.catalina.core.ApplicationFilterChain.internalDoFilter(ApplicationFilterChain.java:195)
		at org.apache.catalina.core.ApplicationFilterChain.doFilter(ApplicationFilterChain.java:140)
		at org.apache.tomcat.websocket.server.WsFilter.doFilter(WsFilter.java:51)
		at org.apache.catalina.core.ApplicationFilterChain.internalDoFilter(ApplicationFilterChain.java:164)
		at org.apache.catalina.core.ApplicationFilterChain.doFilter(ApplicationFilterChain.java:140)
		at org.apache.catalina.core.StandardWrapperValve.invoke(StandardWrapperValve.java:167)
		at org.apache.catalina.core.StandardContextValve.invoke(StandardContextValve.java:90)
		at org.apache.catalina.authenticator.AuthenticatorBase.invoke(AuthenticatorBase.java:483)
		at org.apache.catalina.core.StandardHostValve.invoke(StandardHostValve.java:115)
		at org.apache.catalina.valves.ErrorReportValve.invoke(ErrorReportValve.java:93)
		at org.apache.catalina.valves.AbstractAccessLogValve.invoke(AbstractAccessLogValve.java:663)
		at org.apache.catalina.core.StandardEngineValve.invoke(StandardEngineValve.java:74)
		at org.apache.catalina.connector.CoyoteAdapter.service(CoyoteAdapter.java:344)
		at org.apache.coyote.http11.Http11Processor.service(Http11Processor.java:397)
		at org.apache.coyote.AbstractProcessorLight.process(AbstractProcessorLight.java:63)
		at org.apache.coyote.AbstractProtocol$ConnectionHandler.process(AbstractProtocol.java:905)
		at org.apache.tomcat.util.net.NioEndpoint$SocketProcessor.doRun(NioEndpoint.java:1743)
		at org.apache.tomcat.util.net.SocketProcessorBase.run(SocketProcessorBase.java:52)
		at org.apache.tomcat.util.threads.ThreadPoolExecutor.runWorker(ThreadPoolExecutor.java:1190)
		at org.apache.tomcat.util.threads.ThreadPoolExecutor$Worker.run(ThreadPoolExecutor.java:659)
		at org.apache.tomcat.util.threads.TaskThread$WrappingRunnable.run(TaskThread.java:63)
		at java.base/java.lang.Thread.run(Thread.java:1575)
19-Mar-2025 12:24:42.904 SEVERE [http-nio-8081-exec-10] org.apache.catalina.core.StandardWrapperValve.invoke Servlet.service() du Servlet [jsp] dans le contexte au chemin [/Construction] a retourné une exception [Impossible de compiler la classe pour la JSP: 

Une erreur s'est produite à la ligne : [34] dans le fichier jsp : [/index.jsp]
sessionObj cannot be resolved
31:     <main class="flex-1 p-8">
32:         <button id="toggleSidebar" class=" px-4 py-2 rounded mb-4">Toggle Sidebar</button>
33: 
34:         <h1 class="text-3xl font-bold text-gray-900 dark:text-white animate-fade-in">Welcome, <%= sessionObj.getAttribute("user") %>!</h1>
35:         <p class="text-gray-600 dark:text-gray-300 mt-2">Here’s an overview of your projects and tasks.</p>
36: 
37:         <!-- Animated Statistics -->


Stacktrace:] avec la cause
	org.apache.jasper.JasperException: Impossible de compiler la classe pour la JSP: 

Une erreur s'est produite à la ligne : [34] dans le fichier jsp : [/index.jsp]
sessionObj cannot be resolved
31:     <main class="flex-1 p-8">
32:         <button id="toggleSidebar" class=" px-4 py-2 rounded mb-4">Toggle Sidebar</button>
33: 
34:         <h1 class="text-3xl font-bold text-gray-900 dark:text-white animate-fade-in">Welcome, <%= sessionObj.getAttribute("user") %>!</h1>
35:         <p class="text-gray-600 dark:text-gray-300 mt-2">Here’s an overview of your projects and tasks.</p>
36: 
37:         <!-- Animated Statistics -->


Stacktrace:
		at org.apache.jasper.compiler.DefaultErrorHandler.javacError(DefaultErrorHandler.java:72)
		at org.apache.jasper.compiler.ErrorDispatcher.javacError(ErrorDispatcher.java:192)
		at org.apache.jasper.compiler.JDTCompiler.generateClass(JDTCompiler.java:524)
		at org.apache.jasper.compiler.Compiler.compile(Compiler.java:373)
		at org.apache.jasper.compiler.Compiler.compile(Compiler.java:345)
		at org.apache.jasper.compiler.Compiler.compile(Compiler.java:331)
		at org.apache.jasper.JspCompilationContext.compile(JspCompilationContext.java:603)
		at org.apache.jasper.servlet.JspServletWrapper.service(JspServletWrapper.java:396)
		at org.apache.jasper.servlet.JspServlet.serviceJspFile(JspServlet.java:377)
		at org.apache.jasper.servlet.JspServlet.service(JspServlet.java:325)
		at jakarta.servlet.http.HttpServlet.service(HttpServlet.java:658)
		at org.apache.catalina.core.ApplicationFilterChain.internalDoFilter(ApplicationFilterChain.java:195)
		at org.apache.catalina.core.ApplicationFilterChain.doFilter(ApplicationFilterChain.java:140)
		at org.apache.tomcat.websocket.server.WsFilter.doFilter(WsFilter.java:51)
		at org.apache.catalina.core.ApplicationFilterChain.internalDoFilter(ApplicationFilterChain.java:164)
		at org.apache.catalina.core.ApplicationFilterChain.doFilter(ApplicationFilterChain.java:140)
		at org.apache.catalina.core.StandardWrapperValve.invoke(StandardWrapperValve.java:167)
		at org.apache.catalina.core.StandardContextValve.invoke(StandardContextValve.java:90)
		at org.apache.catalina.authenticator.AuthenticatorBase.invoke(AuthenticatorBase.java:483)
		at org.apache.catalina.core.StandardHostValve.invoke(StandardHostValve.java:115)
		at org.apache.catalina.valves.ErrorReportValve.invoke(ErrorReportValve.java:93)
		at org.apache.catalina.valves.AbstractAccessLogValve.invoke(AbstractAccessLogValve.java:663)
		at org.apache.catalina.core.StandardEngineValve.invoke(StandardEngineValve.java:74)
		at org.apache.catalina.connector.CoyoteAdapter.service(CoyoteAdapter.java:344)
		at org.apache.coyote.http11.Http11Processor.service(Http11Processor.java:397)
		at org.apache.coyote.AbstractProcessorLight.process(AbstractProcessorLight.java:63)
		at org.apache.coyote.AbstractProtocol$ConnectionHandler.process(AbstractProtocol.java:905)
		at org.apache.tomcat.util.net.NioEndpoint$SocketProcessor.doRun(NioEndpoint.java:1743)
		at org.apache.tomcat.util.net.SocketProcessorBase.run(SocketProcessorBase.java:52)
		at org.apache.tomcat.util.threads.ThreadPoolExecutor.runWorker(ThreadPoolExecutor.java:1190)
		at org.apache.tomcat.util.threads.ThreadPoolExecutor$Worker.run(ThreadPoolExecutor.java:659)
		at org.apache.tomcat.util.threads.TaskThread$WrappingRunnable.run(TaskThread.java:63)
		at java.base/java.lang.Thread.run(Thread.java:1575)
